{"/Users/andrepato/projects/iracing/iracing-api/src/constants.ts": {"path":"/Users/andrepato/projects/iracing/iracing-api/src/constants.ts","statementMap":{"0":{"start":{"line":1,"column":0},"end":{"line":1,"column":null}},"1":{"start":{"line":2,"column":2},"end":{"line":2,"column":null}},"2":{"start":{"line":3,"column":2},"end":{"line":3,"column":null}},"3":{"start":{"line":4,"column":2},"end":{"line":4,"column":null}}},"fnMap":{"0":{"name":"(anonymous_0)","decl":{"start":{"line":1,"column":0},"end":{"line":1,"column":12}},"loc":{"start":{"line":1,"column":22},"end":{"line":5,"column":1}}}},"branchMap":{"0":{"loc":{"start":{"line":1,"column":12},"end":{"line":1,"column":null}},"type":"binary-expr","locations":[{"start":{"line":1,"column":12},"end":{"line":1,"column":22}},{"start":{"line":1,"column":22},"end":{"line":1,"column":null}}]}},"s":{"0":1,"1":1,"2":1,"3":1},"f":{"0":1},"b":{"0":[1,1]}}
,"/Users/andrepato/projects/iracing/iracing-api/src/index.ts": {"path":"/Users/andrepato/projects/iracing/iracing-api/src/index.ts","statementMap":{"0":{"start":{"line":1,"column":0},"end":{"line":1,"column":45}},"1":{"start":{"line":3,"column":0},"end":{"line":3,"column":24}},"2":{"start":{"line":4,"column":0},"end":{"line":4,"column":28}},"3":{"start":{"line":5,"column":0},"end":{"line":5,"column":29}}},"fnMap":{},"branchMap":{},"s":{"0":1,"1":1,"2":1,"3":1},"f":{},"b":{}}
,"/Users/andrepato/projects/iracing/iracing-api/src/iracing-client.ts": {"path":"/Users/andrepato/projects/iracing/iracing-api/src/iracing-client.ts","statementMap":{"0":{"start":{"line":1,"column":0},"end":{"line":1,"column":57}},"1":{"start":{"line":2,"column":0},"end":{"line":2,"column":50}},"2":{"start":{"line":3,"column":0},"end":{"line":3,"column":40}},"3":{"start":{"line":4,"column":0},"end":{"line":4,"column":49}},"4":{"start":{"line":5,"column":0},"end":{"line":5,"column":41}},"5":{"start":{"line":25,"column":4},"end":{"line":29,"column":5}},"6":{"start":{"line":26,"column":6},"end":{"line":28,"column":8}},"7":{"start":{"line":30,"column":4},"end":{"line":30,"column":23}},"8":{"start":{"line":31,"column":4},"end":{"line":31,"column":29}},"9":{"start":{"line":32,"column":4},"end":{"line":32,"column":31}},"10":{"start":{"line":34,"column":4},"end":{"line":40,"column":6}},"11":{"start":{"line":41,"column":4},"end":{"line":41,"column":23}},"12":{"start":{"line":45,"column":4},"end":{"line":55,"column":6}},"13":{"start":{"line":46,"column":23},"end":{"line":51,"column":null}},"14":{"start":{"line":47,"column":8},"end":{"line":49,"column":9}},"15":{"start":{"line":48,"column":10},"end":{"line":48,"column":37}},"16":{"start":{"line":50,"column":8},"end":{"line":50,"column":22}},"17":{"start":{"line":53,"column":8},"end":{"line":53,"column":27}},"18":{"start":{"line":60,"column":17},"end":{"line":60,"column":55}},"19":{"start":{"line":62,"column":4},"end":{"line":62,"column":38}},"20":{"start":{"line":66,"column":4},"end":{"line":83,"column":5}},"21":{"start":{"line":67,"column":19},"end":{"line":67,"column":68}},"22":{"start":{"line":68,"column":6},"end":{"line":82,"column":7}},"23":{"start":{"line":69,"column":20},"end":{"line":72,"column":10}},"24":{"start":{"line":74,"column":8},"end":{"line":76,"column":9}},"25":{"start":{"line":75,"column":10},"end":{"line":75,"column":36}},"26":{"start":{"line":78,"column":29},"end":{"line":78,"column":48}},"27":{"start":{"line":79,"column":8},"end":{"line":81,"column":9}},"28":{"start":{"line":86,"column":31},"end":{"line":92,"column":null}},"29":{"start":{"line":87,"column":4},"end":{"line":89,"column":5}},"30":{"start":{"line":88,"column":6},"end":{"line":88,"column":46}},"31":{"start":{"line":90,"column":16},"end":{"line":90,"column":57}},"32":{"start":{"line":91,"column":4},"end":{"line":91,"column":25}},"33":{"start":{"line":95,"column":4},"end":{"line":103,"column":5}},"34":{"start":{"line":96,"column":6},"end":{"line":96,"column":26}},"35":{"start":{"line":97,"column":18},"end":{"line":97,"column":73}},"36":{"start":{"line":98,"column":21},"end":{"line":98,"column":77}},"37":{"start":{"line":100,"column":6},"end":{"line":100,"column":20}},"38":{"start":{"line":102,"column":6},"end":{"line":102,"column":18}},"39":{"start":{"line":107,"column":4},"end":{"line":107,"column":24}},"40":{"start":{"line":108,"column":16},"end":{"line":108,"column":70}},"41":{"start":{"line":109,"column":22},"end":{"line":109,"column":72}},"42":{"start":{"line":110,"column":4},"end":{"line":110,"column":21}},"43":{"start":{"line":114,"column":4},"end":{"line":114,"column":24}},"44":{"start":{"line":115,"column":16},"end":{"line":115,"column":73}},"45":{"start":{"line":116,"column":17},"end":{"line":116,"column":74}},"46":{"start":{"line":118,"column":4},"end":{"line":118,"column":16}},"47":{"start":{"line":122,"column":4},"end":{"line":122,"column":24}},"48":{"start":{"line":123,"column":16},"end":{"line":123,"column":68}},"49":{"start":{"line":124,"column":20},"end":{"line":124,"column":77}},"50":{"start":{"line":125,"column":4},"end":{"line":125,"column":19}},"51":{"start":{"line":129,"column":4},"end":{"line":129,"column":24}},"52":{"start":{"line":130,"column":16},"end":{"line":131,"column":null}},"53":{"start":{"line":134,"column":20},"end":{"line":134,"column":72}},"54":{"start":{"line":135,"column":4},"end":{"line":135,"column":19}},"55":{"start":{"line":142,"column":4},"end":{"line":142,"column":24}},"56":{"start":{"line":143,"column":16},"end":{"line":144,"column":null}},"57":{"start":{"line":146,"column":17},"end":{"line":146,"column":73}},"58":{"start":{"line":148,"column":4},"end":{"line":148,"column":16}},"59":{"start":{"line":155,"column":4},"end":{"line":155,"column":24}},"60":{"start":{"line":156,"column":16},"end":{"line":157,"column":null}},"61":{"start":{"line":159,"column":23},"end":{"line":159,"column":77}},"62":{"start":{"line":161,"column":4},"end":{"line":161,"column":22}},"63":{"start":{"line":165,"column":0},"end":{"line":165,"column":29}}},"fnMap":{"0":{"name":"(anonymous_14)","decl":{"start":{"line":24,"column":2},"end":{"line":24,"column":14}},"loc":{"start":{"line":24,"column":45},"end":{"line":42,"column":3}}},"1":{"name":"(anonymous_15)","decl":{"start":{"line":44,"column":10},"end":{"line":44,"column":21}},"loc":{"start":{"line":44,"column":21},"end":{"line":56,"column":3}}},"2":{"name":"(anonymous_16)","decl":{"start":{"line":46,"column":6},"end":{"line":46,"column":13}},"loc":{"start":{"line":46,"column":23},"end":{"line":51,"column":null}}},"3":{"name":"(anonymous_17)","decl":{"start":{"line":46,"column":23},"end":{"line":46,"column":null}},"loc":{"start":{"line":46,"column":23},"end":{"line":51,"column":7}}},"4":{"name":"(anonymous_18)","decl":{"start":{"line":52,"column":6},"end":{"line":52,"column":7}},"loc":{"start":{"line":52,"column":16},"end":{"line":54,"column":7}}},"5":{"name":"(anonymous_19)","decl":{"start":{"line":58,"column":10},"end":{"line":58,"column":27}},"loc":{"start":{"line":58,"column":59},"end":{"line":63,"column":3}}},"6":{"name":"(anonymous_20)","decl":{"start":{"line":65,"column":15},"end":{"line":65,"column":21}},"loc":{"start":{"line":65,"column":21},"end":{"line":84,"column":null}}},"7":{"name":"(anonymous_22)","decl":{"start":{"line":86,"column":16},"end":{"line":86,"column":27}},"loc":{"start":{"line":86,"column":27},"end":{"line":92,"column":null}}},"8":{"name":"(anonymous_23)","decl":{"start":{"line":86,"column":31},"end":{"line":86,"column":54}},"loc":{"start":{"line":86,"column":56},"end":{"line":92,"column":3}}},"9":{"name":"(anonymous_24)","decl":{"start":{"line":94,"column":15},"end":{"line":94,"column":27}},"loc":{"start":{"line":94,"column":27},"end":{"line":104,"column":null}}},"10":{"name":"(anonymous_26)","decl":{"start":{"line":106,"column":15},"end":{"line":106,"column":27}},"loc":{"start":{"line":106,"column":27},"end":{"line":111,"column":null}}},"11":{"name":"(anonymous_28)","decl":{"start":{"line":113,"column":15},"end":{"line":113,"column":29}},"loc":{"start":{"line":113,"column":29},"end":{"line":119,"column":null}}},"12":{"name":"(anonymous_30)","decl":{"start":{"line":121,"column":15},"end":{"line":121,"column":25}},"loc":{"start":{"line":121,"column":25},"end":{"line":126,"column":null}}},"13":{"name":"(anonymous_32)","decl":{"start":{"line":128,"column":15},"end":{"line":128,"column":32}},"loc":{"start":{"line":128,"column":53},"end":{"line":136,"column":null}}},"14":{"name":"(anonymous_34)","decl":{"start":{"line":138,"column":15},"end":{"line":138,"column":29}},"loc":{"start":{"line":140,"column":25},"end":{"line":149,"column":null}}},"15":{"name":"(anonymous_36)","decl":{"start":{"line":151,"column":15},"end":{"line":151,"column":30}},"loc":{"start":{"line":153,"column":25},"end":{"line":162,"column":null}}}},"branchMap":{"0":{"loc":{"start":{"line":25,"column":4},"end":{"line":29,"column":5}},"type":"if","locations":[{"start":{"line":25,"column":4},"end":{"line":29,"column":5}}]},"1":{"loc":{"start":{"line":25,"column":8},"end":{"line":25,"column":27}},"type":"binary-expr","locations":[{"start":{"line":25,"column":8},"end":{"line":25,"column":14}},{"start":{"line":25,"column":18},"end":{"line":25,"column":27}}]},"2":{"loc":{"start":{"line":47,"column":8},"end":{"line":49,"column":9}},"type":"if","locations":[{"start":{"line":47,"column":8},"end":{"line":49,"column":9}}]},"3":{"loc":{"start":{"line":66,"column":4},"end":{"line":83,"column":5}},"type":"if","locations":[{"start":{"line":66,"column":4},"end":{"line":83,"column":5}}]},"4":{"loc":{"start":{"line":74,"column":8},"end":{"line":76,"column":9}},"type":"if","locations":[{"start":{"line":74,"column":8},"end":{"line":76,"column":9}}]},"5":{"loc":{"start":{"line":79,"column":8},"end":{"line":81,"column":9}},"type":"if","locations":[{"start":{"line":79,"column":8},"end":{"line":81,"column":9}}]},"6":{"loc":{"start":{"line":86,"column":31},"end":{"line":86,"column":56}},"type":"default-arg","locations":[{"start":{"line":86,"column":54},"end":{"line":86,"column":56}}]},"7":{"loc":{"start":{"line":87,"column":4},"end":{"line":89,"column":5}},"type":"if","locations":[{"start":{"line":87,"column":4},"end":{"line":89,"column":5}}]},"8":{"loc":{"start":{"line":98,"column":62},"end":{"line":98,"column":76}},"type":"cond-expr","locations":[{"start":{"line":98,"column":70},"end":{"line":98,"column":72}},{"start":{"line":98,"column":70},"end":{"line":98,"column":76}}]},"9":{"loc":{"start":{"line":98,"column":62},"end":{"line":98,"column":72}},"type":"binary-expr","locations":[{"start":{"line":98,"column":62},"end":{"line":98,"column":72}},{"start":{"line":98,"column":70},"end":{"line":98,"column":72}}]},"10":{"loc":{"start":{"line":124,"column":62},"end":{"line":124,"column":76}},"type":"cond-expr","locations":[{"start":{"line":124,"column":70},"end":{"line":124,"column":72}},{"start":{"line":124,"column":70},"end":{"line":124,"column":76}}]},"11":{"loc":{"start":{"line":124,"column":62},"end":{"line":124,"column":72}},"type":"binary-expr","locations":[{"start":{"line":124,"column":62},"end":{"line":124,"column":72}},{"start":{"line":124,"column":70},"end":{"line":124,"column":72}}]},"12":{"loc":{"start":{"line":146,"column":58},"end":{"line":146,"column":72}},"type":"cond-expr","locations":[{"start":{"line":146,"column":66},"end":{"line":146,"column":68}},{"start":{"line":146,"column":66},"end":{"line":146,"column":72}}]},"13":{"loc":{"start":{"line":146,"column":58},"end":{"line":146,"column":68}},"type":"binary-expr","locations":[{"start":{"line":146,"column":58},"end":{"line":146,"column":68}},{"start":{"line":146,"column":66},"end":{"line":146,"column":68}}]}},"s":{"0":1,"1":1,"2":1,"3":1,"4":1,"5":3,"6":1,"7":2,"8":2,"9":2,"10":2,"11":2,"12":2,"13":9,"14":9,"15":0,"16":9,"17":0,"18":2,"19":2,"20":8,"21":2,"22":2,"23":2,"24":2,"25":2,"26":0,"27":0,"28":0,"29":0,"30":0,"31":0,"32":0,"33":1,"34":1,"35":1,"36":1,"37":1,"38":0,"39":1,"40":1,"41":1,"42":1,"43":1,"44":1,"45":1,"46":1,"47":1,"48":1,"49":1,"50":1,"51":1,"52":1,"53":1,"54":1,"55":1,"56":1,"57":1,"58":1,"59":1,"60":1,"61":1,"62":1,"63":1},"f":{"0":3,"1":2,"2":9,"3":9,"4":0,"5":2,"6":8,"7":0,"8":0,"9":1,"10":1,"11":1,"12":1,"13":1,"14":1,"15":1},"b":{"0":[1],"1":[3,2],"2":[0],"3":[2],"4":[2],"5":[0],"6":[0],"7":[0],"8":[0,1],"9":[1,1],"10":[0,1],"11":[1,1],"12":[0,1],"13":[1,1]}}
,"/Users/andrepato/projects/iracing/iracing-api/src/tests/helpers.ts": {"path":"/Users/andrepato/projects/iracing/iracing-api/src/tests/helpers.ts","statementMap":{"0":{"start":{"line":1,"column":0},"end":{"line":1,"column":24}},"1":{"start":{"line":2,"column":30},"end":{"line":5,"column":1}},"2":{"start":{"line":3,"column":2},"end":{"line":3,"column":27}},"3":{"start":{"line":4,"column":2},"end":{"line":4,"column":48}},"4":{"start":{"line":2,"column":13},"end":{"line":2,"column":30}}},"fnMap":{"0":{"name":"(anonymous_1)","decl":{"start":{"line":2,"column":30},"end":{"line":2,"column":33}},"loc":{"start":{"line":2,"column":35},"end":{"line":5,"column":1}}}},"branchMap":{},"s":{"0":1,"1":1,"2":25,"3":25,"4":1},"f":{"0":25},"b":{}}
}
