{"total": {"lines":{"total":82,"covered":64,"skipped":0,"pct":78.04},"statements":{"total":83,"covered":65,"skipped":0,"pct":78.31},"functions":{"total":18,"covered":14,"skipped":0,"pct":77.77},"branches":{"total":41,"covered":28,"skipped":0,"pct":68.29},"branchesTrue":{"total":0,"covered":0,"skipped":0,"pct":100}}
,"/Users/andrepato/projects/iracing/iracing-api/src/index.ts": {"lines":{"total":3,"covered":3,"skipped":0,"pct":100},"functions":{"total":0,"covered":0,"skipped":0,"pct":100},"statements":{"total":3,"covered":3,"skipped":0,"pct":100},"branches":{"total":0,"covered":0,"skipped":0,"pct":100}}
,"/Users/andrepato/projects/iracing/iracing-api/src/iracing-client.ts": {"lines":{"total":75,"covered":57,"skipped":0,"pct":76},"functions":{"total":17,"covered":13,"skipped":0,"pct":76.47},"statements":{"total":75,"covered":57,"skipped":0,"pct":76},"branches":{"total":41,"covered":28,"skipped":0,"pct":68.29}}
,"/Users/andrepato/projects/iracing/iracing-api/src/tests/helpers.ts": {"lines":{"total":4,"covered":4,"skipped":0,"pct":100},"functions":{"total":1,"covered":1,"skipped":0,"pct":100},"statements":{"total":5,"covered":5,"skipped":0,"pct":100},"branches":{"total":0,"covered":0,"skipped":0,"pct":100}}
}
