{"total": {"lines":{"total":106,"covered":73,"skipped":0,"pct":68.86},"statements":{"total":107,"covered":74,"skipped":0,"pct":69.15},"functions":{"total":24,"covered":16,"skipped":0,"pct":66.66},"branches":{"total":79,"covered":40,"skipped":0,"pct":50.63},"branchesTrue":{"total":0,"covered":0,"skipped":0,"pct":100}}
,"/workspaces/iracing-node-api/src/index.ts": {"lines":{"total":3,"covered":3,"skipped":0,"pct":100},"functions":{"total":0,"covered":0,"skipped":0,"pct":100},"statements":{"total":3,"covered":3,"skipped":0,"pct":100},"branches":{"total":0,"covered":0,"skipped":0,"pct":100}}
,"/workspaces/iracing-node-api/src/iracing-client.ts": {"lines":{"total":99,"covered":66,"skipped":0,"pct":66.66},"functions":{"total":23,"covered":15,"skipped":0,"pct":65.21},"statements":{"total":99,"covered":66,"skipped":0,"pct":66.66},"branches":{"total":79,"covered":40,"skipped":0,"pct":50.63}}
,"/workspaces/iracing-node-api/src/tests/helpers.ts": {"lines":{"total":4,"covered":4,"skipped":0,"pct":100},"functions":{"total":1,"covered":1,"skipped":0,"pct":100},"statements":{"total":5,"covered":5,"skipped":0,"pct":100},"branches":{"total":0,"covered":0,"skipped":0,"pct":100}}
}
