TN:
SF:src/index.ts
FNF:0
FNH:0
DA:1,1
DA:3,1
DA:4,1
LF:3
LH:3
BRF:0
BRH:0
end_of_record
TN:
SF:src/iracing-client.ts
FN:30,(anonymous_8)
FN:56,(anonymous_9)
FN:58,(anonymous_10)
FN:58,(anonymous_11)
FN:65,(anonymous_12)
FN:75,(anonymous_13)
FN:81,(anonymous_14)
FN:94,(anonymous_16)
FN:108,(anonymous_17)
FN:108,(anonymous_18)
FN:120,(anonymous_19)
FN:132,(anonymous_21)
FN:139,(anonymous_23)
FN:147,(anonymous_25)
FN:154,(anonymous_27)
FN:164,(anonymous_29)
FN:177,(anonymous_31)
FNF:17
FNH:13
FNDA:3,(anonymous_8)
FNDA:2,(anonymous_9)
FNDA:9,(anonymous_10)
FNDA:9,(anonymous_11)
FNDA:0,(anonymous_12)
FNDA:2,(anonymous_13)
FNDA:8,(anonymous_14)
FNDA:0,(anonymous_16)
FNDA:0,(anonymous_17)
FNDA:0,(anonymous_18)
FNDA:1,(anonymous_19)
FNDA:1,(anonymous_21)
FNDA:1,(anonymous_23)
FNDA:1,(anonymous_25)
FNDA:1,(anonymous_27)
FNDA:1,(anonymous_29)
FNDA:1,(anonymous_31)
DA:1,1
DA:2,1
DA:3,1
DA:4,1
DA:5,1
DA:35,3
DA:36,1
DA:40,2
DA:41,2
DA:42,2
DA:43,2
DA:45,2
DA:52,2
DA:53,2
DA:57,2
DA:58,9
DA:59,9
DA:60,0
DA:61,0
DA:63,9
DA:66,0
DA:67,0
DA:68,0
DA:70,0
DA:76,2
DA:78,2
DA:82,8
DA:83,2
DA:84,2
DA:85,2
DA:90,2
DA:91,2
DA:93,2
DA:95,0
DA:96,0
DA:100,0
DA:101,0
DA:108,0
DA:109,0
DA:110,0
DA:112,0
DA:113,0
DA:114,0
DA:116,0
DA:121,1
DA:122,1
DA:123,1
DA:124,1
DA:126,1
DA:128,0
DA:133,1
DA:134,1
DA:135,1
DA:136,1
DA:140,1
DA:141,1
DA:142,1
DA:144,1
DA:148,1
DA:149,1
DA:150,1
DA:151,1
DA:155,1
DA:156,1
DA:160,1
DA:161,1
DA:168,1
DA:169,1
DA:172,1
DA:174,1
DA:181,1
DA:182,1
DA:185,1
DA:187,1
DA:191,1
LF:75
LH:57
BRDA:33,0,0,1
BRDA:35,1,0,1
BRDA:35,2,0,3
BRDA:35,2,1,2
BRDA:59,3,0,0
BRDA:66,4,0,0
BRDA:82,5,0,2
BRDA:90,6,0,2
BRDA:93,7,0,2
BRDA:93,7,1,0
BRDA:101,8,0,0
BRDA:108,9,0,0
BRDA:109,10,0,0
BRDA:124,11,0,0
BRDA:124,11,1,1
BRDA:124,12,0,1
BRDA:124,12,1,1
BRDA:135,13,0,0
BRDA:135,13,1,1
BRDA:135,14,0,1
BRDA:135,14,1,1
BRDA:142,15,0,0
BRDA:142,15,1,1
BRDA:142,16,0,1
BRDA:142,16,1,1
BRDA:150,17,0,0
BRDA:150,17,1,1
BRDA:150,18,0,1
BRDA:150,18,1,1
BRDA:160,19,0,0
BRDA:160,19,1,1
BRDA:160,20,0,1
BRDA:160,20,1,1
BRDA:172,21,0,0
BRDA:172,21,1,1
BRDA:172,22,0,1
BRDA:172,22,1,1
BRDA:185,23,0,0
BRDA:185,23,1,1
BRDA:185,24,0,1
BRDA:185,24,1,1
BRF:41
BRH:28
end_of_record
TN:
SF:src/tests/helpers.ts
FN:2,(anonymous_1)
FNF:1
FNH:1
FNDA:25,(anonymous_1)
DA:1,1
DA:2,1
DA:3,25
DA:4,25
LF:4
LH:4
BRF:0
BRH:0
end_of_record
