TN:
SF:src/index.ts
FNF:0
FNH:0
DA:1,1
DA:3,1
DA:4,1
LF:3
LH:3
BRF:0
BRH:0
end_of_record
TN:
SF:src/iracing-client.ts
FN:39,(anonymous_8)
FN:70,(anonymous_9)
FN:72,(anonymous_10)
FN:72,(anonymous_11)
FN:82,(anonymous_12)
FN:94,(anonymous_13)
FN:100,(anonymous_14)
FN:116,(anonymous_16)
FN:116,(anonymous_17)
FN:128,(anonymous_18)
FN:140,(anonymous_20)
FN:147,(anonymous_22)
FN:155,(anonymous_24)
FN:162,(anonymous_26)
FN:172,(anonymous_28)
FN:185,(anonymous_30)
FN:198,(anonymous_32)
FN:227,(anonymous_34)
FN:238,(anonymous_36)
FN:243,(anonymous_37)
FN:254,(anonymous_39)
FN:265,(anonymous_41)
FN:276,(anonymous_43)
FNF:23
FNH:15
FNDA:3,(anonymous_8)
FNDA:2,(anonymous_9)
FNDA:19,(anonymous_10)
FNDA:19,(anonymous_11)
FNDA:0,(anonymous_12)
FNDA:12,(anonymous_13)
FNDA:12,(anonymous_14)
FNDA:0,(anonymous_16)
FNDA:0,(anonymous_17)
FNDA:1,(anonymous_18)
FNDA:1,(anonymous_20)
FNDA:1,(anonymous_22)
FNDA:1,(anonymous_24)
FNDA:1,(anonymous_26)
FNDA:1,(anonymous_28)
FNDA:1,(anonymous_30)
FNDA:0,(anonymous_32)
FNDA:0,(anonymous_34)
FNDA:0,(anonymous_36)
FNDA:1,(anonymous_37)
FNDA:0,(anonymous_39)
FNDA:1,(anonymous_41)
FNDA:0,(anonymous_43)
DA:1,1
DA:2,1
DA:3,1
DA:4,1
DA:5,1
DA:6,1
DA:44,3
DA:45,1
DA:49,2
DA:50,2
DA:51,2
DA:52,2
DA:53,2
DA:55,2
DA:65,2
DA:66,2
DA:67,2
DA:71,2
DA:72,19
DA:73,19
DA:77,0
DA:78,0
DA:80,19
DA:83,0
DA:87,0
DA:88,0
DA:95,12
DA:97,12
DA:101,12
DA:102,12
DA:103,12
DA:108,11
DA:109,11
DA:112,0
DA:116,0
DA:117,0
DA:118,0
DA:120,0
DA:121,0
DA:122,0
DA:124,0
DA:129,1
DA:130,1
DA:131,1
DA:132,1
DA:134,1
DA:136,0
DA:141,1
DA:142,1
DA:143,1
DA:144,1
DA:148,1
DA:149,1
DA:150,1
DA:152,1
DA:156,1
DA:157,1
DA:158,1
DA:159,1
DA:163,1
DA:164,1
DA:168,1
DA:169,1
DA:176,1
DA:177,1
DA:180,1
DA:182,1
DA:189,1
DA:190,1
DA:193,1
DA:195,1
DA:203,0
DA:204,0
DA:209,0
DA:216,0
DA:220,0
DA:224,0
DA:228,0
DA:229,0
DA:233,0
DA:237,0
DA:238,0
DA:244,1
DA:245,1
DA:249,1
DA:251,1
DA:255,0
DA:256,0
DA:260,0
DA:262,0
DA:266,1
DA:267,1
DA:271,1
DA:273,1
DA:280,0
DA:281,0
DA:285,0
DA:289,0
DA:293,1
LF:99
LH:66
BRDA:42,0,0,1
BRDA:44,1,0,1
BRDA:44,2,0,3
BRDA:44,2,1,2
BRDA:73,3,0,0
BRDA:74,4,0,19
BRDA:74,4,1,19
BRDA:83,5,0,0
BRDA:84,6,0,0
BRDA:84,6,1,0
BRDA:108,7,0,11
BRDA:108,8,0,0
BRDA:108,8,1,11
BRDA:108,9,0,11
BRDA:108,9,1,11
BRDA:108,10,0,0
BRDA:108,10,1,11
BRDA:108,11,0,11
BRDA:108,11,1,11
BRDA:116,12,0,0
BRDA:117,13,0,0
BRDA:132,14,0,0
BRDA:132,14,1,1
BRDA:132,15,0,1
BRDA:132,15,1,1
BRDA:143,16,0,0
BRDA:143,16,1,1
BRDA:143,17,0,1
BRDA:143,17,1,1
BRDA:150,18,0,0
BRDA:150,18,1,1
BRDA:150,19,0,1
BRDA:150,19,1,1
BRDA:158,20,0,0
BRDA:158,20,1,1
BRDA:158,21,0,1
BRDA:158,21,1,1
BRDA:168,22,0,0
BRDA:168,22,1,1
BRDA:168,23,0,1
BRDA:168,23,1,1
BRDA:180,24,0,0
BRDA:180,24,1,1
BRDA:180,25,0,1
BRDA:180,25,1,1
BRDA:193,26,0,0
BRDA:193,26,1,1
BRDA:193,27,0,1
BRDA:193,27,1,1
BRDA:221,28,0,0
BRDA:221,28,1,0
BRDA:221,29,0,0
BRDA:221,29,1,0
BRDA:234,30,0,0
BRDA:234,30,1,0
BRDA:234,31,0,0
BRDA:234,31,1,0
BRDA:238,32,0,0
BRDA:238,32,1,0
BRDA:238,33,0,0
BRDA:238,33,1,0
BRDA:249,34,0,0
BRDA:249,34,1,1
BRDA:249,35,0,1
BRDA:249,35,1,1
BRDA:257,36,0,0
BRDA:257,36,1,0
BRDA:260,37,0,0
BRDA:260,37,1,0
BRDA:260,38,0,0
BRDA:260,38,1,0
BRDA:271,39,0,0
BRDA:271,39,1,1
BRDA:271,40,0,1
BRDA:271,40,1,1
BRDA:286,41,0,0
BRDA:286,41,1,0
BRDA:286,42,0,0
BRDA:286,42,1,0
BRF:79
BRH:40
end_of_record
TN:
SF:src/tests/helpers.ts
FN:2,(anonymous_1)
FNF:1
FNH:1
FNDA:31,(anonymous_1)
DA:1,1
DA:2,1
DA:3,31
DA:4,31
LF:4
LH:4
BRF:0
BRH:0
end_of_record
